<?xml version="1.0" encoding="UTF-8"?>
<testng-results ignored="0" total="1" passed="1" failed="0" skipped="0">
  <reporter-output>
  </reporter-output>
  <suite started-at="2023-02-25T16:10:20 IST" name="Default suite" finished-at="2023-02-25T16:10:56 IST" duration-ms="36805">
    <groups>
    </groups>
    <test started-at="2023-02-25T16:10:20 IST" name="Default test" finished-at="2023-02-25T16:10:56 IST" duration-ms="36805">
      <class name="TestCaseIrctc.VerifyTrain">
        <test-method is-config="true" signature="lauchurl()[pri:0, instance:TestCaseIrctc.VerifyTrain@2d7275fc]" started-at="2023-02-25T16:10:20 IST" name="lauchurl" finished-at="2023-02-25T16:10:47 IST" duration-ms="27388" status="PASS">
          <reporter-output>
          </reporter-output>
        </test-method> <!-- lauchurl -->
        <test-method signature="searchtrain()[pri:0, instance:TestCaseIrctc.VerifyTrain@2d7275fc]" started-at="2023-02-25T16:10:47 IST" name="searchtrain" finished-at="2023-02-25T16:10:56 IST" duration-ms="9316" status="PASS">
          <reporter-output>
          </reporter-output>
        </test-method> <!-- searchtrain -->
        <test-method is-config="true" signature="closeurl()[pri:0, instance:TestCaseIrctc.VerifyTrain@2d7275fc]" started-at="2023-02-25T16:10:56 IST" name="closeurl" finished-at="2023-02-25T16:10:56 IST" duration-ms="1" status="PASS">
          <reporter-output>
          </reporter-output>
        </test-method> <!-- closeurl -->
      </class> <!-- TestCaseIrctc.VerifyTrain -->
    </test> <!-- Default test -->
  </suite> <!-- Default suite -->
</testng-results>
